2023-02-09 19:15:31,738 INFO org.sits.pr.api.ContentManagement [restartedMain] Starting ContentManagement using Java 17.0.2 on VenkatasathsAir with PID 21053 (/Users/vprasath/SynergyITSolutions/Projects/ParkRoyale/Code/Backend/ContentManagementAPI/target/classes started by vprasath in /Users/vprasath/SynergyITSolutions/Projects/ParkRoyale/Code/Backend/ContentManagementAPI)
2023-02-09 19:15:31,739 DEBUG org.sits.pr.api.ContentManagement [restartedMain] Running with Spring Boot v2.7.2, Spring v5.3.22
2023-02-09 19:15:31,740 INFO org.sits.pr.api.ContentManagement [restartedMain] No active profile set, falling back to 1 default profile: "default"
2023-02-09 19:15:37,782 DEBUG org.sits.pr.api.aspect.LoggingAspect [restartedMain] Logging Aspect Initialized
2023-02-09 19:15:38,875 DEBUG org.sits.pr.api.aspect.LoggingAspect [restartedMain] Before call of method PasswordEncoder org.sits.pr.api.config.WebSecurityConfig.passwordEncoder() from class class org.sits.pr.api.config.WebSecurityConfig$$EnhancerBySpringCGLIB$$84822dcf
2023-02-09 19:15:38,892 DEBUG org.sits.pr.api.aspect.LoggingAspect [restartedMain] After call of method PasswordEncoder org.sits.pr.api.config.WebSecurityConfig.passwordEncoder() from class class org.sits.pr.api.config.WebSecurityConfig$$EnhancerBySpringCGLIB$$84822dcf
2023-02-09 19:15:39,197 DEBUG org.sits.pr.api.aspect.LoggingAspect [restartedMain] Before call of method Docket org.sits.pr.api.config.SwaggerConfig.swaggerConfiguration() from class class org.sits.pr.api.config.SwaggerConfig$$EnhancerBySpringCGLIB$$e5e2f365
2023-02-09 19:15:39,215 DEBUG org.sits.pr.api.aspect.LoggingAspect [restartedMain] After call of method Docket org.sits.pr.api.config.SwaggerConfig.swaggerConfiguration() from class class org.sits.pr.api.config.SwaggerConfig$$EnhancerBySpringCGLIB$$e5e2f365
2023-02-09 19:15:40,033 DEBUG org.sits.pr.api.aspect.LoggingAspect [restartedMain] Before call of method SecurityFilterChain org.sits.pr.api.config.WebSecurityConfig.securityFilterChain(HttpSecurity) from class class org.sits.pr.api.config.WebSecurityConfig$$EnhancerBySpringCGLIB$$84822dcf
2023-02-09 19:15:40,034 INFO org.sits.pr.api.config.WebSecurityConfig [restartedMain] Web Security Enabled/content/get/**
2023-02-09 19:15:40,264 DEBUG org.sits.pr.api.aspect.LoggingAspect [restartedMain] After call of method SecurityFilterChain org.sits.pr.api.config.WebSecurityConfig.securityFilterChain(HttpSecurity) from class class org.sits.pr.api.config.WebSecurityConfig$$EnhancerBySpringCGLIB$$84822dcf
2023-02-09 19:15:41,583 INFO org.sits.pr.api.ContentManagement [restartedMain] Started ContentManagement in 10.33 seconds (JVM running for 11.202)
2023-02-09 19:25:37,727 INFO org.sits.pr.api.ContentManagement [restartedMain] Starting ContentManagement using Java 17.0.2 on VenkatasathsAir with PID 21053 (/Users/vprasath/SynergyITSolutions/Projects/ParkRoyale/Code/Backend/ContentManagementAPI/target/classes started by vprasath in /Users/vprasath/SynergyITSolutions/Projects/ParkRoyale/Code/Backend/ContentManagementAPI)
2023-02-09 19:25:37,730 DEBUG org.sits.pr.api.ContentManagement [restartedMain] Running with Spring Boot v2.7.2, Spring v5.3.22
2023-02-09 19:25:37,730 INFO org.sits.pr.api.ContentManagement [restartedMain] No active profile set, falling back to 1 default profile: "default"
2023-02-09 19:25:39,483 DEBUG org.sits.pr.api.aspect.LoggingAspect [restartedMain] Logging Aspect Initialized
2023-02-09 19:25:39,926 DEBUG org.sits.pr.api.aspect.LoggingAspect [restartedMain] Before call of method PasswordEncoder org.sits.pr.api.config.WebSecurityConfig.passwordEncoder() from class class org.sits.pr.api.config.WebSecurityConfig$$EnhancerBySpringCGLIB$$84822dcf
2023-02-09 19:25:39,935 DEBUG org.sits.pr.api.aspect.LoggingAspect [restartedMain] After call of method PasswordEncoder org.sits.pr.api.config.WebSecurityConfig.passwordEncoder() from class class org.sits.pr.api.config.WebSecurityConfig$$EnhancerBySpringCGLIB$$84822dcf
2023-02-09 19:25:40,048 DEBUG org.sits.pr.api.aspect.LoggingAspect [restartedMain] Before call of method Docket org.sits.pr.api.config.SwaggerConfig.swaggerConfiguration() from class class org.sits.pr.api.config.SwaggerConfig$$EnhancerBySpringCGLIB$$e5e2f365
2023-02-09 19:25:40,059 DEBUG org.sits.pr.api.aspect.LoggingAspect [restartedMain] After call of method Docket org.sits.pr.api.config.SwaggerConfig.swaggerConfiguration() from class class org.sits.pr.api.config.SwaggerConfig$$EnhancerBySpringCGLIB$$e5e2f365
2023-02-09 19:25:40,280 DEBUG org.sits.pr.api.aspect.LoggingAspect [restartedMain] Before call of method SecurityFilterChain org.sits.pr.api.config.WebSecurityConfig.securityFilterChain(HttpSecurity) from class class org.sits.pr.api.config.WebSecurityConfig$$EnhancerBySpringCGLIB$$84822dcf
2023-02-09 19:25:40,281 INFO org.sits.pr.api.config.WebSecurityConfig [restartedMain] Web Security Enabled/content/get/**
2023-02-09 19:25:40,396 DEBUG org.sits.pr.api.aspect.LoggingAspect [restartedMain] After call of method SecurityFilterChain org.sits.pr.api.config.WebSecurityConfig.securityFilterChain(HttpSecurity) from class class org.sits.pr.api.config.WebSecurityConfig$$EnhancerBySpringCGLIB$$84822dcf
2023-02-09 19:25:41,026 INFO org.sits.pr.api.ContentManagement [restartedMain] Started ContentManagement in 3.475 seconds (JVM running for 610.66)
2023-02-09 22:34:40,340 INFO org.sits.pr.api.ReservationApplicationTests [main] Starting ReservationApplicationTests using Java 17.0.2 on VenkatasathsAir with PID 25499 (started by vprasath in /Users/vprasath/SynergyITSolutions/Projects/ParkRoyale/Code/Backend/ContentManagementAPI)
2023-02-09 22:34:40,346 DEBUG org.sits.pr.api.ReservationApplicationTests [main] Running with Spring Boot v2.7.2, Spring v5.3.22
2023-02-09 22:34:40,349 INFO org.sits.pr.api.ReservationApplicationTests [main] No active profile set, falling back to 1 default profile: "default"
2023-02-09 22:35:47,915 DEBUG org.sits.pr.api.aspect.LoggingAspect [main] Logging Aspect Initialized
2023-02-09 22:35:49,469 DEBUG org.sits.pr.api.aspect.LoggingAspect [main] Before call of method PasswordEncoder org.sits.pr.api.config.WebSecurityConfig.passwordEncoder() from class class org.sits.pr.api.config.WebSecurityConfig$$EnhancerBySpringCGLIB$$69b43c89
2023-02-09 22:35:49,489 DEBUG org.sits.pr.api.aspect.LoggingAspect [main] After call of method PasswordEncoder org.sits.pr.api.config.WebSecurityConfig.passwordEncoder() from class class org.sits.pr.api.config.WebSecurityConfig$$EnhancerBySpringCGLIB$$69b43c89
2023-02-09 22:35:49,955 DEBUG org.sits.pr.api.aspect.LoggingAspect [main] Before call of method Docket org.sits.pr.api.config.SwaggerConfig.swaggerConfiguration() from class class org.sits.pr.api.config.SwaggerConfig$$EnhancerBySpringCGLIB$$cb15021f
2023-02-09 22:35:49,973 DEBUG org.sits.pr.api.aspect.LoggingAspect [main] After call of method Docket org.sits.pr.api.config.SwaggerConfig.swaggerConfiguration() from class class org.sits.pr.api.config.SwaggerConfig$$EnhancerBySpringCGLIB$$cb15021f
2023-02-09 22:35:50,950 DEBUG org.sits.pr.api.aspect.LoggingAspect [main] Before call of method SecurityFilterChain org.sits.pr.api.config.WebSecurityConfig.securityFilterChain(HttpSecurity) from class class org.sits.pr.api.config.WebSecurityConfig$$EnhancerBySpringCGLIB$$69b43c89
2023-02-09 22:35:50,950 INFO org.sits.pr.api.config.WebSecurityConfig [main] Web Security Enabled/content/get/**
2023-02-09 22:35:51,377 DEBUG org.sits.pr.api.aspect.LoggingAspect [main] After call of method SecurityFilterChain org.sits.pr.api.config.WebSecurityConfig.securityFilterChain(HttpSecurity) from class class org.sits.pr.api.config.WebSecurityConfig$$EnhancerBySpringCGLIB$$69b43c89
2023-02-09 22:35:53,438 INFO org.sits.pr.api.ReservationApplicationTests [main] Started ReservationApplicationTests in 73.654 seconds (JVM running for 75.212)
