2023-03-05 00:02:16,526 ERROR org.hibernate.engine.jdbc.spi.SqlExceptionHelper [http-nio-8080-exec-1] HikariPool-1 - Connection is not available, request timed out after 30053ms.
2023-03-05 00:02:16,568 ERROR org.hibernate.engine.jdbc.spi.SqlExceptionHelper [http-nio-8080-exec-1] The connection is closed.
2023-03-05 00:02:16,584 ERROR org.hibernate.engine.jdbc.spi.SqlExceptionHelper [http-nio-8080-exec-2] HikariPool-1 - Connection is not available, request timed out after 30005ms.
2023-03-05 00:02:16,587 ERROR org.hibernate.engine.jdbc.spi.SqlExceptionHelper [http-nio-8080-exec-2] The connection is closed.
2023-03-05 00:02:35,266 ERROR org.hibernate.engine.jdbc.spi.SqlExceptionHelper [http-nio-8080-exec-6] HikariPool-1 - Connection is not available, request timed out after 30007ms.
2023-03-05 00:02:35,266 ERROR org.hibernate.engine.jdbc.spi.SqlExceptionHelper [http-nio-8080-exec-5] HikariPool-1 - Connection is not available, request timed out after 30007ms.
2023-03-05 00:02:35,272 ERROR org.hibernate.engine.jdbc.spi.SqlExceptionHelper [http-nio-8080-exec-5] The TCP/IP connection to the host DESKTOP-SLPF06D, port 1433 has failed. Error: "Connect timed out. Verify the connection properties. Make sure that an instance of SQL Server is running on the host and accepting TCP/IP connections at the port. Make sure that TCP connections to the port are not blocked by a firewall.".
2023-03-05 00:02:35,271 ERROR org.hibernate.engine.jdbc.spi.SqlExceptionHelper [http-nio-8080-exec-6] The TCP/IP connection to the host DESKTOP-SLPF06D, port 1433 has failed. Error: "Connect timed out. Verify the connection properties. Make sure that an instance of SQL Server is running on the host and accepting TCP/IP connections at the port. Make sure that TCP connections to the port are not blocked by a firewall.".
2023-03-05 00:02:47,850 ERROR org.hibernate.engine.jdbc.spi.SqlExceptionHelper [http-nio-8080-exec-7] HikariPool-1 - Connection is not available, request timed out after 30005ms.
2023-03-05 00:02:47,852 ERROR org.hibernate.engine.jdbc.spi.SqlExceptionHelper [http-nio-8080-exec-7] The TCP/IP connection to the host DESKTOP-SLPF06D, port 1433 has failed. Error: "Connect timed out. Verify the connection properties. Make sure that an instance of SQL Server is running on the host and accepting TCP/IP connections at the port. Make sure that TCP connections to the port are not blocked by a firewall.".
2023-03-05 00:02:47,878 ERROR org.hibernate.engine.jdbc.spi.SqlExceptionHelper [http-nio-8080-exec-4] HikariPool-1 - Connection is not available, request timed out after 30005ms.
2023-03-05 00:02:47,879 ERROR org.hibernate.engine.jdbc.spi.SqlExceptionHelper [http-nio-8080-exec-4] The TCP/IP connection to the host DESKTOP-SLPF06D, port 1433 has failed. Error: "Connect timed out. Verify the connection properties. Make sure that an instance of SQL Server is running on the host and accepting TCP/IP connections at the port. Make sure that TCP connections to the port are not blocked by a firewall.".
2023-03-05 00:03:07,836 ERROR org.hibernate.engine.jdbc.spi.SqlExceptionHelper [http-nio-8080-exec-9] HikariPool-1 - Connection is not available, request timed out after 30005ms.
2023-03-05 00:03:07,836 ERROR org.hibernate.engine.jdbc.spi.SqlExceptionHelper [http-nio-8080-exec-8] HikariPool-1 - Connection is not available, request timed out after 30007ms.
2023-03-05 00:03:07,840 ERROR org.hibernate.engine.jdbc.spi.SqlExceptionHelper [http-nio-8080-exec-8] The TCP/IP connection to the host DESKTOP-SLPF06D, port 1433 has failed. Error: "Connect timed out. Verify the connection properties. Make sure that an instance of SQL Server is running on the host and accepting TCP/IP connections at the port. Make sure that TCP connections to the port are not blocked by a firewall.".
2023-03-05 00:03:07,840 ERROR org.hibernate.engine.jdbc.spi.SqlExceptionHelper [http-nio-8080-exec-9] The TCP/IP connection to the host DESKTOP-SLPF06D, port 1433 has failed. Error: "Connect timed out. Verify the connection properties. Make sure that an instance of SQL Server is running on the host and accepting TCP/IP connections at the port. Make sure that TCP connections to the port are not blocked by a firewall.".
2023-03-05 00:08:28,723 ERROR org.hibernate.engine.jdbc.spi.SqlExceptionHelper [http-nio-8080-exec-5] Cannot insert the value NULL into column 'C301_Image_Type', table 'LTS.dbo.T301_Image_Info'; column does not allow nulls. INSERT fails.
2023-03-05 17:54:46,056 ERROR org.hibernate.engine.jdbc.spi.SqlExceptionHelper [http-nio-8080-exec-4] Violation of UNIQUE KEY constraint 'UQ__T301_Ima__53812C6CABC206A8'. Cannot insert duplicate key in object 'dbo.T301_Image_Info'. The duplicate key value is (Bed Room 1).
2023-03-05 18:00:19,708 ERROR org.hibernate.engine.jdbc.spi.SqlExceptionHelper [http-nio-8080-exec-2] Cannot insert the value NULL into column 'C301_Cont_Image_ID', table 'LTS.dbo.T206_Container_Image_Info'; column does not allow nulls. UPDATE fails.
2023-03-05 21:21:24,515 ERROR org.hibernate.engine.jdbc.spi.SqlExceptionHelper [http-nio-8080-exec-1] HikariPool-2 - Connection is not available, request timed out after 30022ms.
2023-03-05 21:21:24,515 ERROR org.hibernate.engine.jdbc.spi.SqlExceptionHelper [http-nio-8080-exec-8] HikariPool-2 - Connection is not available, request timed out after 30015ms.
2023-03-05 21:21:24,520 ERROR org.hibernate.engine.jdbc.spi.SqlExceptionHelper [http-nio-8080-exec-1] The connection is closed.
2023-03-05 21:21:24,520 ERROR org.hibernate.engine.jdbc.spi.SqlExceptionHelper [http-nio-8080-exec-8] The connection is closed.
