2023-02-13 19:44:45,138 INFO org.sits.pr.api.ContentManagement [restartedMain] Starting ContentManagement using Java 17.0.2 with PID 68689 (/Users/vprasath/SynergyITSolutions/Projects/ParkRoyale/Code/Backend/ContentManagementAPI/target/classes started by vprasath in /Users/vprasath/SynergyITSolutions/Projects/ParkRoyale/Code/Backend/ContentManagementAPI)
2023-02-13 19:44:45,140 DEBUG org.sits.pr.api.ContentManagement [restartedMain] Running with Spring Boot v3.0.0, Spring v6.0.2
2023-02-13 19:44:45,142 INFO org.sits.pr.api.ContentManagement [restartedMain] No active profile set, falling back to 1 default profile: "default"
2023-02-13 19:45:52,761 DEBUG org.sits.pr.api.aspect.LoggingAspect [restartedMain] Logging Aspect Initialized
2023-02-13 19:45:52,887 ERROR org.springframework.boot.SpringApplication [restartedMain] Application run failed
org.springframework.beans.factory.UnsatisfiedDependencyException: Error creating bean with name 'webSecurityConfig': Unsatisfied dependency expressed through field 'rsaKeys': Error creating bean with name 'rsa-org.sits.pr.api.config.RsaKeyProperties': Could not generate CGLIB subclass of class org.sits.pr.api.config.RsaKeyProperties: Common causes of this problem include using a final class or a non-visible class
	at org.springframework.beans.factory.annotation.AutowiredAnnotationBeanPostProcessor$AutowiredFieldElement.resolveFieldValue(AutowiredAnnotationBeanPostProcessor.java:712)
	at org.springframework.beans.factory.annotation.AutowiredAnnotationBeanPostProcessor$AutowiredFieldElement.inject(AutowiredAnnotationBeanPostProcessor.java:692)
	at org.springframework.beans.factory.annotation.InjectionMetadata.inject(InjectionMetadata.java:127)
	at org.springframework.beans.factory.annotation.AutowiredAnnotationBeanPostProcessor.postProcessProperties(AutowiredAnnotationBeanPostProcessor.java:481)
	at org.springframework.beans.factory.support.AbstractAutowireCapableBeanFactory.populateBean(AbstractAutowireCapableBeanFactory.java:1397)
	at org.springframework.beans.factory.support.AbstractAutowireCapableBeanFactory.doCreateBean(AbstractAutowireCapableBeanFactory.java:598)
	at org.springframework.beans.factory.support.AbstractAutowireCapableBeanFactory.createBean(AbstractAutowireCapableBeanFactory.java:521)
	at org.springframework.beans.factory.support.AbstractBeanFactory.lambda$doGetBean$0(AbstractBeanFactory.java:326)
	at org.springframework.beans.factory.support.DefaultSingletonBeanRegistry.getSingleton(DefaultSingletonBeanRegistry.java:234)
	at org.springframework.beans.factory.support.AbstractBeanFactory.doGetBean(AbstractBeanFactory.java:324)
	at org.springframework.beans.factory.support.AbstractBeanFactory.getBean(AbstractBeanFactory.java:200)
	at org.springframework.beans.factory.support.DefaultListableBeanFactory.preInstantiateSingletons(DefaultListableBeanFactory.java:961)
	at org.springframework.context.support.AbstractApplicationContext.finishBeanFactoryInitialization(AbstractApplicationContext.java:915)
	at org.springframework.context.support.AbstractApplicationContext.refresh(AbstractApplicationContext.java:584)
	at org.springframework.boot.web.servlet.context.ServletWebServerApplicationContext.refresh(ServletWebServerApplicationContext.java:146)
	at org.springframework.boot.SpringApplication.refresh(SpringApplication.java:730)
	at org.springframework.boot.SpringApplication.refreshContext(SpringApplication.java:432)
	at org.springframework.boot.SpringApplication.run(SpringApplication.java:308)
	at org.springframework.boot.SpringApplication.run(SpringApplication.java:1302)
	at org.springframework.boot.SpringApplication.run(SpringApplication.java:1291)
	at org.sits.pr.api.ContentManagement.main(ContentManagement.java:13)
	at java.base/jdk.internal.reflect.NativeMethodAccessorImpl.invoke0(Native Method)
	at java.base/jdk.internal.reflect.NativeMethodAccessorImpl.invoke(NativeMethodAccessorImpl.java:77)
	at java.base/jdk.internal.reflect.DelegatingMethodAccessorImpl.invoke(DelegatingMethodAccessorImpl.java:43)
	at java.base/java.lang.reflect.Method.invoke(Method.java:568)
	at org.springframework.boot.devtools.restart.RestartLauncher.run(RestartLauncher.java:49)
Caused by: org.springframework.beans.factory.BeanCreationException: Error creating bean with name 'rsa-org.sits.pr.api.config.RsaKeyProperties': Could not generate CGLIB subclass of class org.sits.pr.api.config.RsaKeyProperties: Common causes of this problem include using a final class or a non-visible class
	at org.springframework.beans.factory.support.AbstractAutowireCapableBeanFactory.doCreateBean(AbstractAutowireCapableBeanFactory.java:606)
	at org.springframework.beans.factory.support.AbstractAutowireCapableBeanFactory.createBean(AbstractAutowireCapableBeanFactory.java:521)
	at org.springframework.beans.factory.support.AbstractBeanFactory.lambda$doGetBean$0(AbstractBeanFactory.java:326)
	at org.springframework.beans.factory.support.DefaultSingletonBeanRegistry.getSingleton(DefaultSingletonBeanRegistry.java:234)
	at org.springframework.beans.factory.support.AbstractBeanFactory.doGetBean(AbstractBeanFactory.java:324)
	at org.springframework.beans.factory.support.AbstractBeanFactory.getBean(AbstractBeanFactory.java:200)
	at org.springframework.beans.factory.config.DependencyDescriptor.resolveCandidate(DependencyDescriptor.java:254)
	at org.springframework.beans.factory.support.DefaultListableBeanFactory.doResolveDependency(DefaultListableBeanFactory.java:1405)
	at org.springframework.beans.factory.support.DefaultListableBeanFactory.resolveDependency(DefaultListableBeanFactory.java:1325)
	at org.springframework.beans.factory.annotation.AutowiredAnnotationBeanPostProcessor$AutowiredFieldElement.resolveFieldValue(AutowiredAnnotationBeanPostProcessor.java:709)
	... 25 common frames omitted
Caused by: org.springframework.aop.framework.AopConfigException: Could not generate CGLIB subclass of class org.sits.pr.api.config.RsaKeyProperties: Common causes of this problem include using a final class or a non-visible class
	at org.springframework.aop.framework.CglibAopProxy.buildProxy(CglibAopProxy.java:216)
	at org.springframework.aop.framework.CglibAopProxy.getProxy(CglibAopProxy.java:158)
	at org.springframework.aop.framework.ProxyFactory.getProxy(ProxyFactory.java:110)
	at org.springframework.aop.framework.autoproxy.AbstractAutoProxyCreator.buildProxy(AbstractAutoProxyCreator.java:517)
	at org.springframework.aop.framework.autoproxy.AbstractAutoProxyCreator.createProxy(AbstractAutoProxyCreator.java:464)
	at org.springframework.aop.framework.autoproxy.AbstractAutoProxyCreator.wrapIfNecessary(AbstractAutoProxyCreator.java:369)
	at org.springframework.aop.framework.autoproxy.AbstractAutoProxyCreator.postProcessAfterInitialization(AbstractAutoProxyCreator.java:318)
	at org.springframework.beans.factory.support.AbstractAutowireCapableBeanFactory.applyBeanPostProcessorsAfterInitialization(AbstractAutowireCapableBeanFactory.java:435)
	at org.springframework.beans.factory.support.AbstractAutowireCapableBeanFactory.initializeBean(AbstractAutowireCapableBeanFactory.java:1754)
	at org.springframework.beans.factory.support.AbstractAutowireCapableBeanFactory.doCreateBean(AbstractAutowireCapableBeanFactory.java:599)
	... 34 common frames omitted
Caused by: java.lang.IllegalArgumentException: Cannot subclass final class org.sits.pr.api.config.RsaKeyProperties
	at org.springframework.cglib.proxy.Enhancer.generateClass(Enhancer.java:655)
	at org.springframework.cglib.core.DefaultGeneratorStrategy.generate(DefaultGeneratorStrategy.java:25)
	at org.springframework.cglib.core.ClassLoaderAwareGeneratorStrategy.generate(ClassLoaderAwareGeneratorStrategy.java:57)
	at org.springframework.cglib.core.AbstractClassGenerator.generate(AbstractClassGenerator.java:371)
	at org.springframework.cglib.proxy.Enhancer.generate(Enhancer.java:580)
	at org.springframework.cglib.core.AbstractClassGenerator$ClassLoaderData.get(AbstractClassGenerator.java:134)
	at org.springframework.cglib.core.AbstractClassGenerator.create(AbstractClassGenerator.java:322)
	at org.springframework.cglib.proxy.Enhancer.createHelper(Enhancer.java:567)
	at org.springframework.cglib.proxy.Enhancer.createClass(Enhancer.java:412)
	at org.springframework.aop.framework.ObjenesisCglibAopProxy.createProxyClassAndInstance(ObjenesisCglibAopProxy.java:62)
	at org.springframework.aop.framework.CglibAopProxy.buildProxy(CglibAopProxy.java:213)
	... 43 common frames omitted
