2023-01-28 08:34:10,347 INFO org.sits.pr.api.ContentManagement [restartedMain] Starting ContentManagement using Java 17.0.2 on VenkatasathsAir with PID 25837 (/Users/vprasath/SynergyITSolutions/Projects/ParkRoyale/Code/Backend/ContentManagementAPI/target/classes started by vprasath in /Users/vprasath/SynergyITSolutions/Projects/ParkRoyale/Code/Backend/ContentManagementAPI)
2023-01-28 08:34:10,352 DEBUG org.sits.pr.api.ContentManagement [restartedMain] Running with Spring Boot v2.7.2, Spring v5.3.22
2023-01-28 08:34:10,356 INFO org.sits.pr.api.ContentManagement [restartedMain] No active profile set, falling back to 1 default profile: "default"
2023-01-28 08:34:15,985 DEBUG org.sits.pr.api.aspect.LoggingAspect [restartedMain] Logging Aspect Initialized
2023-01-28 08:34:16,953 DEBUG org.sits.pr.api.aspect.LoggingAspect [restartedMain] Before call of method PasswordEncoder org.sits.pr.api.config.WebSecurityConfig.passwordEncoder() from class class org.sits.pr.api.config.WebSecurityConfig$$EnhancerBySpringCGLIB$$c4929ed8
2023-01-28 08:34:16,983 DEBUG org.sits.pr.api.aspect.LoggingAspect [restartedMain] After call of method PasswordEncoder org.sits.pr.api.config.WebSecurityConfig.passwordEncoder() from class class org.sits.pr.api.config.WebSecurityConfig$$EnhancerBySpringCGLIB$$c4929ed8
2023-01-28 08:34:17,168 DEBUG org.sits.pr.api.aspect.LoggingAspect [restartedMain] Before call of method SecurityFilterChain org.sits.pr.api.config.WebSecurityConfig.securityFilterChain(HttpSecurity) from class class org.sits.pr.api.config.WebSecurityConfig$$EnhancerBySpringCGLIB$$c4929ed8
2023-01-28 08:34:17,169 INFO org.sits.pr.api.config.WebSecurityConfig [restartedMain] Web Security Enabled/page/get/**
2023-01-28 08:34:18,418 DEBUG org.sits.pr.api.aspect.LoggingAspect [restartedMain] After call of method SecurityFilterChain org.sits.pr.api.config.WebSecurityConfig.securityFilterChain(HttpSecurity) from class class org.sits.pr.api.config.WebSecurityConfig$$EnhancerBySpringCGLIB$$c4929ed8
2023-01-28 08:34:19,038 INFO org.sits.pr.api.ContentManagement [restartedMain] Started ContentManagement in 9.24 seconds (JVM running for 10.156)
2023-01-28 08:35:16,502 DEBUG org.sits.pr.api.aspect.LoggingAspect [http-nio-8080-exec-4] Before call of method String org.sits.pr.api.controller.PageController.sayHello(Authentication) from class class org.sits.pr.api.controller.PageController
2023-01-28 08:35:16,530 INFO org.sits.pr.api.controller.PageController [http-nio-8080-exec-4] Inside savePageFrame Method of PageController
2023-01-28 08:35:16,531 DEBUG org.sits.pr.api.aspect.LoggingAspect [http-nio-8080-exec-4] After call of method String org.sits.pr.api.controller.PageController.sayHello(Authentication) from class class org.sits.pr.api.controller.PageController
2023-01-28 08:35:30,241 DEBUG org.sits.pr.api.aspect.LoggingAspect [http-nio-8080-exec-5] Before call of method String org.sits.pr.api.controller.PageController.expireToken(Authentication) from class class org.sits.pr.api.controller.PageController
2023-01-28 08:35:30,243 DEBUG org.sits.pr.api.aspect.LoggingAspect [http-nio-8080-exec-5] After call of method String org.sits.pr.api.controller.PageController.expireToken(Authentication) from class class org.sits.pr.api.controller.PageController
2023-01-28 08:39:38,956 DEBUG org.sits.pr.api.aspect.LoggingAspect [http-nio-8080-exec-6] Before call of method String org.sits.pr.api.controller.PageController.sayHello(Authentication) from class class org.sits.pr.api.controller.PageController
2023-01-28 08:39:38,957 INFO org.sits.pr.api.controller.PageController [http-nio-8080-exec-6] Inside savePageFrame Method of PageController
2023-01-28 08:39:38,958 DEBUG org.sits.pr.api.aspect.LoggingAspect [http-nio-8080-exec-6] After call of method String org.sits.pr.api.controller.PageController.sayHello(Authentication) from class class org.sits.pr.api.controller.PageController
2023-01-28 08:49:57,475 INFO org.sits.pr.api.ContentManagement [restartedMain] Starting ContentManagement using Java 17.0.2 on VenkatasathsAir with PID 26945 (/Users/vprasath/SynergyITSolutions/Projects/ParkRoyale/Code/Backend/ContentManagementAPI/target/classes started by vprasath in /Users/vprasath/SynergyITSolutions/Projects/ParkRoyale/Code/Backend/ContentManagementAPI)
2023-01-28 08:49:57,477 DEBUG org.sits.pr.api.ContentManagement [restartedMain] Running with Spring Boot v2.7.2, Spring v5.3.22
2023-01-28 08:49:57,479 INFO org.sits.pr.api.ContentManagement [restartedMain] No active profile set, falling back to 1 default profile: "default"
2023-01-28 08:50:03,530 DEBUG org.sits.pr.api.aspect.LoggingAspect [restartedMain] Logging Aspect Initialized
2023-01-28 08:50:04,434 DEBUG org.sits.pr.api.aspect.LoggingAspect [restartedMain] Before call of method PasswordEncoder org.sits.pr.api.config.WebSecurityConfig.passwordEncoder() from class class org.sits.pr.api.config.WebSecurityConfig$$EnhancerBySpringCGLIB$$df8d94ae
2023-01-28 08:50:04,461 DEBUG org.sits.pr.api.aspect.LoggingAspect [restartedMain] After call of method PasswordEncoder org.sits.pr.api.config.WebSecurityConfig.passwordEncoder() from class class org.sits.pr.api.config.WebSecurityConfig$$EnhancerBySpringCGLIB$$df8d94ae
2023-01-28 08:50:04,641 DEBUG org.sits.pr.api.aspect.LoggingAspect [restartedMain] Before call of method SecurityFilterChain org.sits.pr.api.config.WebSecurityConfig.securityFilterChain(HttpSecurity) from class class org.sits.pr.api.config.WebSecurityConfig$$EnhancerBySpringCGLIB$$df8d94ae
2023-01-28 08:50:04,642 INFO org.sits.pr.api.config.WebSecurityConfig [restartedMain] Web Security Enabled/page/get/**
2023-01-28 08:50:05,926 DEBUG org.sits.pr.api.aspect.LoggingAspect [restartedMain] After call of method SecurityFilterChain org.sits.pr.api.config.WebSecurityConfig.securityFilterChain(HttpSecurity) from class class org.sits.pr.api.config.WebSecurityConfig$$EnhancerBySpringCGLIB$$df8d94ae
2023-01-28 08:50:06,472 INFO org.sits.pr.api.ContentManagement [restartedMain] Started ContentManagement in 9.473 seconds (JVM running for 10.412)
