2023-03-08 01:23:30,431 ERROR org.hibernate.engine.jdbc.spi.SqlExceptionHelper [http-nio-8080-exec-2] HikariPool-2 - Connection is not available, request timed out after 30051ms.
2023-03-08 01:23:30,431 ERROR org.hibernate.engine.jdbc.spi.SqlExceptionHelper [http-nio-8080-exec-8] HikariPool-2 - Connection is not available, request timed out after 30052ms.
2023-03-08 01:23:30,663 ERROR org.hibernate.engine.jdbc.spi.SqlExceptionHelper [http-nio-8080-exec-8] Operation timed out ClientConnectionId:90cad6ba-aa63-4642-b08b-69c5acbe4bbc
2023-03-08 01:23:30,663 ERROR org.hibernate.engine.jdbc.spi.SqlExceptionHelper [http-nio-8080-exec-2] Operation timed out ClientConnectionId:90cad6ba-aa63-4642-b08b-69c5acbe4bbc
2023-03-08 01:23:48,239 ERROR org.hibernate.engine.jdbc.spi.SqlExceptionHelper [http-nio-8080-exec-7] HikariPool-2 - Connection is not available, request timed out after 30011ms.
2023-03-08 01:23:48,241 ERROR org.hibernate.engine.jdbc.spi.SqlExceptionHelper [http-nio-8080-exec-7] Operation timed out ClientConnectionId:90cad6ba-aa63-4642-b08b-69c5acbe4bbc
2023-03-08 01:23:48,243 ERROR org.hibernate.engine.jdbc.spi.SqlExceptionHelper [http-nio-8080-exec-1] HikariPool-2 - Connection is not available, request timed out after 30001ms.
2023-03-08 01:23:48,245 ERROR org.hibernate.engine.jdbc.spi.SqlExceptionHelper [http-nio-8080-exec-1] Operation timed out ClientConnectionId:90cad6ba-aa63-4642-b08b-69c5acbe4bbc
2023-03-08 01:23:53,954 ERROR org.hibernate.engine.jdbc.spi.SqlExceptionHelper [http-nio-8080-exec-4] HikariPool-2 - Interrupted during connection acquisition
2023-03-08 01:23:53,954 ERROR org.hibernate.engine.jdbc.spi.SqlExceptionHelper [http-nio-8080-exec-10] HikariPool-2 - Interrupted during connection acquisition
2023-03-08 01:23:53,954 ERROR org.hibernate.engine.jdbc.spi.SqlExceptionHelper [http-nio-8080-exec-6] HikariPool-2 - Interrupted during connection acquisition
2023-03-08 01:23:53,954 ERROR org.hibernate.engine.jdbc.spi.SqlExceptionHelper [http-nio-8080-exec-3] HikariPool-2 - Interrupted during connection acquisition
2023-03-08 15:47:50,285 ERROR org.hibernate.engine.jdbc.spi.SqlExceptionHelper [http-nio-8080-exec-7] HikariPool-1 - Connection is not available, request timed out after 30039ms.
2023-03-08 15:47:50,285 ERROR org.hibernate.engine.jdbc.spi.SqlExceptionHelper [http-nio-8080-exec-5] HikariPool-1 - Connection is not available, request timed out after 30039ms.
2023-03-08 15:47:50,286 ERROR org.hibernate.engine.jdbc.spi.SqlExceptionHelper [http-nio-8080-exec-6] HikariPool-1 - Connection is not available, request timed out after 30039ms.
2023-03-08 15:47:50,360 ERROR org.hibernate.engine.jdbc.spi.SqlExceptionHelper [http-nio-8080-exec-7] The TCP/IP connection to the host DESKTOP-SLPF06D, port 1433 has failed. Error: "Connect timed out. Verify the connection properties. Make sure that an instance of SQL Server is running on the host and accepting TCP/IP connections at the port. Make sure that TCP connections to the port are not blocked by a firewall.".
2023-03-08 15:47:50,360 ERROR org.hibernate.engine.jdbc.spi.SqlExceptionHelper [http-nio-8080-exec-6] The TCP/IP connection to the host DESKTOP-SLPF06D, port 1433 has failed. Error: "Connect timed out. Verify the connection properties. Make sure that an instance of SQL Server is running on the host and accepting TCP/IP connections at the port. Make sure that TCP connections to the port are not blocked by a firewall.".
2023-03-08 15:47:50,361 ERROR org.hibernate.engine.jdbc.spi.SqlExceptionHelper [http-nio-8080-exec-5] The TCP/IP connection to the host DESKTOP-SLPF06D, port 1433 has failed. Error: "Connect timed out. Verify the connection properties. Make sure that an instance of SQL Server is running on the host and accepting TCP/IP connections at the port. Make sure that TCP connections to the port are not blocked by a firewall.".
2023-03-08 22:07:11,817 ERROR org.hibernate.engine.jdbc.spi.SqlExceptionHelper [http-nio-8080-exec-10] HikariPool-1 - Connection is not available, request timed out after 30047ms.
2023-03-08 22:07:11,817 ERROR org.hibernate.engine.jdbc.spi.SqlExceptionHelper [http-nio-8080-exec-8] HikariPool-1 - Connection is not available, request timed out after 30047ms.
2023-03-08 22:07:11,817 ERROR org.hibernate.engine.jdbc.spi.SqlExceptionHelper [http-nio-8080-exec-2] HikariPool-1 - Connection is not available, request timed out after 30047ms.
2023-03-08 22:59:03,889 ERROR org.hibernate.engine.jdbc.spi.SqlExceptionHelper [http-nio-8080-exec-9] Cannot insert the value NULL into column 'C301_Image_Context_Path', table 'LTS.dbo.T301_Image_Info'; column does not allow nulls. UPDATE fails.
