2023-01-20 03:23:12,743 INFO org.sits.pr.api.ContentManagement [restartedMain] Starting ReservationApplication using Java 17.0.2 on VenkatasathsAir with PID 7061 (/Users/vprasath/Downloads/reservation/target/classes started by vprasath in /Users/vprasath/Downloads/reservation)
2023-01-20 03:23:12,744 DEBUG org.sits.pr.api.ContentManagement [restartedMain] Running with Spring Boot v2.7.2, Spring v5.3.22
2023-01-20 03:23:12,746 INFO org.sits.pr.api.ContentManagement [restartedMain] No active profile set, falling back to 1 default profile: "default"
2023-01-20 03:23:18,083 DEBUG org.sits.pr.api.aspect.LoggingAspect [restartedMain] Logging Aspect Initialized
2023-01-20 03:23:19,002 DEBUG org.sits.pr.api.aspect.LoggingAspect [restartedMain] Before call of method PasswordEncoder org.sits.pr.api.config.WebSecurityConfig.passwordEncoder() from class class org.sits.pr.api.config.WebSecurityConfig$$EnhancerBySpringCGLIB$$b3c5369f
2023-01-20 03:23:19,024 DEBUG org.sits.pr.api.aspect.LoggingAspect [restartedMain] After call of method PasswordEncoder org.sits.pr.api.config.WebSecurityConfig.passwordEncoder() from class class org.sits.pr.api.config.WebSecurityConfig$$EnhancerBySpringCGLIB$$b3c5369f
2023-01-20 03:23:19,205 DEBUG org.sits.pr.api.aspect.LoggingAspect [restartedMain] Before call of method SecurityFilterChain org.sits.pr.api.config.WebSecurityConfig.securityFilterChain(HttpSecurity) from class class org.sits.pr.api.config.WebSecurityConfig$$EnhancerBySpringCGLIB$$b3c5369f
2023-01-20 03:23:19,206 INFO org.sits.pr.api.config.WebSecurityConfig [restartedMain] Web Security Enabled/get/*
2023-01-20 03:23:20,224 DEBUG org.sits.pr.api.aspect.LoggingAspect [restartedMain] After call of method SecurityFilterChain org.sits.pr.api.config.WebSecurityConfig.securityFilterChain(HttpSecurity) from class class org.sits.pr.api.config.WebSecurityConfig$$EnhancerBySpringCGLIB$$b3c5369f
2023-01-20 03:23:20,765 INFO org.sits.pr.api.ContentManagement [restartedMain] Started ReservationApplication in 8.566 seconds (JVM running for 9.462)
2023-01-20 03:23:39,229 DEBUG org.sits.pr.api.aspect.LoggingAspect [http-nio-8080-exec-1] Before call of method String org.sits.pr.api.controller.PageController.sayHello(Authentication) from class class org.sits.pr.api.controller.PageController
2023-01-20 03:23:39,351 INFO org.sits.pr.api.controller.PageController [http-nio-8080-exec-1] Inside savePageFrame Method of PageController
2023-01-20 03:23:39,356 DEBUG org.sits.pr.api.aspect.LoggingAspect [http-nio-8080-exec-1] After call of method String org.sits.pr.api.controller.PageController.sayHello(Authentication) from class class org.sits.pr.api.controller.PageController
2023-01-20 10:36:12,634 INFO org.sits.pr.api.ContentManagement [restartedMain] Starting ReservationApplication using Java 17.0.2 on VenkatasathsAir with PID 14129 (/Users/vprasath/Downloads/reservation/target/classes started by vprasath in /Users/vprasath/Downloads/reservation)
2023-01-20 10:36:12,636 DEBUG org.sits.pr.api.ContentManagement [restartedMain] Running with Spring Boot v2.7.2, Spring v5.3.22
2023-01-20 10:36:12,640 INFO org.sits.pr.api.ContentManagement [restartedMain] No active profile set, falling back to 1 default profile: "default"
2023-01-20 10:36:20,788 DEBUG org.sits.pr.api.aspect.LoggingAspect [restartedMain] Logging Aspect Initialized
2023-01-20 10:36:22,054 DEBUG org.sits.pr.api.aspect.LoggingAspect [restartedMain] Before call of method PasswordEncoder org.sits.pr.api.config.WebSecurityConfig.passwordEncoder() from class class org.sits.pr.api.config.WebSecurityConfig$$EnhancerBySpringCGLIB$$b3c5369f
2023-01-20 10:36:22,087 DEBUG org.sits.pr.api.aspect.LoggingAspect [restartedMain] After call of method PasswordEncoder org.sits.pr.api.config.WebSecurityConfig.passwordEncoder() from class class org.sits.pr.api.config.WebSecurityConfig$$EnhancerBySpringCGLIB$$b3c5369f
2023-01-20 10:36:22,419 DEBUG org.sits.pr.api.aspect.LoggingAspect [restartedMain] Before call of method SecurityFilterChain org.sits.pr.api.config.WebSecurityConfig.securityFilterChain(HttpSecurity) from class class org.sits.pr.api.config.WebSecurityConfig$$EnhancerBySpringCGLIB$$b3c5369f
2023-01-20 10:36:22,420 INFO org.sits.pr.api.config.WebSecurityConfig [restartedMain] Web Security Enabled/get/*
2023-01-20 10:36:24,722 DEBUG org.sits.pr.api.aspect.LoggingAspect [restartedMain] After call of method SecurityFilterChain org.sits.pr.api.config.WebSecurityConfig.securityFilterChain(HttpSecurity) from class class org.sits.pr.api.config.WebSecurityConfig$$EnhancerBySpringCGLIB$$b3c5369f
2023-01-20 10:36:25,718 INFO org.sits.pr.api.ContentManagement [restartedMain] Started ReservationApplication in 13.789 seconds (JVM running for 15.032)
2023-01-20 10:36:49,249 DEBUG org.sits.pr.api.aspect.LoggingAspect [http-nio-8080-exec-1] Before call of method String org.sits.pr.api.controller.PageController.sayHello(Authentication) from class class org.sits.pr.api.controller.PageController
2023-01-20 10:36:49,291 INFO org.sits.pr.api.controller.PageController [http-nio-8080-exec-1] Inside savePageFrame Method of PageController
2023-01-20 10:36:49,292 DEBUG org.sits.pr.api.aspect.LoggingAspect [http-nio-8080-exec-1] After call of method String org.sits.pr.api.controller.PageController.sayHello(Authentication) from class class org.sits.pr.api.controller.PageController
2023-01-20 10:39:04,441 DEBUG org.sits.pr.api.aspect.LoggingAspect [http-nio-8080-exec-4] Before call of method String org.sits.pr.api.controller.PageController.sayHello(Authentication) from class class org.sits.pr.api.controller.PageController
2023-01-20 10:39:04,445 INFO org.sits.pr.api.controller.PageController [http-nio-8080-exec-4] Inside savePageFrame Method of PageController
2023-01-20 10:39:04,445 DEBUG org.sits.pr.api.aspect.LoggingAspect [http-nio-8080-exec-4] After call of method String org.sits.pr.api.controller.PageController.sayHello(Authentication) from class class org.sits.pr.api.controller.PageController
2023-01-20 10:40:15,567 DEBUG org.sits.pr.api.aspect.LoggingAspect [http-nio-8080-exec-6] Before call of method String org.sits.pr.api.controller.PageController.sayHello(Authentication) from class class org.sits.pr.api.controller.PageController
2023-01-20 10:40:15,569 INFO org.sits.pr.api.controller.PageController [http-nio-8080-exec-6] Inside savePageFrame Method of PageController
2023-01-20 10:40:15,569 DEBUG org.sits.pr.api.aspect.LoggingAspect [http-nio-8080-exec-6] After call of method String org.sits.pr.api.controller.PageController.sayHello(Authentication) from class class org.sits.pr.api.controller.PageController
2023-01-20 10:40:32,510 DEBUG org.sits.pr.api.aspect.LoggingAspect [http-nio-8080-exec-7] Before call of method String org.sits.pr.api.controller.PageController.sayHello(Authentication) from class class org.sits.pr.api.controller.PageController
2023-01-20 10:40:32,514 INFO org.sits.pr.api.controller.PageController [http-nio-8080-exec-7] Inside savePageFrame Method of PageController
2023-01-20 10:40:32,515 DEBUG org.sits.pr.api.aspect.LoggingAspect [http-nio-8080-exec-7] After call of method String org.sits.pr.api.controller.PageController.sayHello(Authentication) from class class org.sits.pr.api.controller.PageController
