2023-01-26 23:44:54,031 INFO org.sits.pr.api.ContentManagement [restartedMain] Starting ContentManagement using Java 17.0.2 on VenkatasathsAir with PID 84028 (/Users/vprasath/SynergyITSolutions/Projects/ParkRoyale/Code/Backend/ContentManagementAPI/target/classes started by vprasath in /Users/vprasath/SynergyITSolutions/Projects/ParkRoyale/Code/Backend/ContentManagementAPI)
2023-01-26 23:44:54,032 DEBUG org.sits.pr.api.ContentManagement [restartedMain] Running with Spring Boot v2.7.2, Spring v5.3.22
2023-01-26 23:44:54,033 INFO org.sits.pr.api.ContentManagement [restartedMain] No active profile set, falling back to 1 default profile: "default"
2023-01-26 23:44:59,514 DEBUG org.sits.pr.api.aspect.LoggingAspect [restartedMain] Logging Aspect Initialized
2023-01-26 23:45:00,430 DEBUG org.sits.pr.api.aspect.LoggingAspect [restartedMain] Before call of method PasswordEncoder org.sits.pr.api.config.WebSecurityConfig.passwordEncoder() from class class org.sits.pr.api.config.WebSecurityConfig$$EnhancerBySpringCGLIB$$db9a9279
2023-01-26 23:45:00,454 DEBUG org.sits.pr.api.aspect.LoggingAspect [restartedMain] After call of method PasswordEncoder org.sits.pr.api.config.WebSecurityConfig.passwordEncoder() from class class org.sits.pr.api.config.WebSecurityConfig$$EnhancerBySpringCGLIB$$db9a9279
2023-01-26 23:45:00,634 DEBUG org.sits.pr.api.aspect.LoggingAspect [restartedMain] Before call of method SecurityFilterChain org.sits.pr.api.config.WebSecurityConfig.securityFilterChain(HttpSecurity) from class class org.sits.pr.api.config.WebSecurityConfig$$EnhancerBySpringCGLIB$$db9a9279
2023-01-26 23:45:00,634 INFO org.sits.pr.api.config.WebSecurityConfig [restartedMain] Web Security Enabled/page/get/**
2023-01-26 23:45:02,273 DEBUG org.sits.pr.api.aspect.LoggingAspect [restartedMain] After call of method SecurityFilterChain org.sits.pr.api.config.WebSecurityConfig.securityFilterChain(HttpSecurity) from class class org.sits.pr.api.config.WebSecurityConfig$$EnhancerBySpringCGLIB$$db9a9279
2023-01-26 23:45:02,798 INFO org.sits.pr.api.ContentManagement [restartedMain] Started ContentManagement in 9.279 seconds (JVM running for 10.245)
2023-01-26 23:46:28,803 DEBUG org.sits.pr.api.aspect.LoggingAspect [http-nio-8080-exec-2] Before call of method FrameDetails org.sits.pr.api.controller.PageController.getFrameObject(Long) from class class org.sits.pr.api.controller.PageController
2023-01-26 23:46:28,922 INFO org.sits.pr.api.controller.PageController [http-nio-8080-exec-2] Inside getFrameObject Method of PageController
2023-01-26 23:46:28,926 DEBUG org.sits.pr.api.aspect.LoggingAspect [http-nio-8080-exec-2] Before call of method FrameDetails org.sits.pr.api.service.PageService.fetchByFrameDetailsId(Long) from class class org.sits.pr.api.service.PageService
2023-01-26 23:46:28,936 INFO org.sits.pr.api.service.PageService [http-nio-8080-exec-2] Inside fetchByFrameDetailsId method of Page Service
2023-01-26 23:46:28,937 DEBUG org.sits.pr.api.aspect.LoggingAspect [http-nio-8080-exec-2] Before call of method FrameDetails org.sits.pr.api.repository.PageRepository.findByFrameDetailsId(Long) from class class jdk.proxy4.$Proxy117
2023-01-26 23:46:29,163 DEBUG org.sits.pr.api.aspect.LoggingAspect [http-nio-8080-exec-2] After call of method FrameDetails org.sits.pr.api.repository.PageRepository.findByFrameDetailsId(Long) from class class jdk.proxy4.$Proxy117
2023-01-26 23:46:29,163 DEBUG org.sits.pr.api.aspect.LoggingAspect [http-nio-8080-exec-2] After call of method FrameDetails org.sits.pr.api.service.PageService.fetchByFrameDetailsId(Long) from class class org.sits.pr.api.service.PageService
2023-01-26 23:46:29,163 DEBUG org.sits.pr.api.aspect.LoggingAspect [http-nio-8080-exec-2] After call of method FrameDetails org.sits.pr.api.controller.PageController.getFrameObject(Long) from class class org.sits.pr.api.controller.PageController
2023-01-26 23:47:07,541 DEBUG org.sits.pr.api.aspect.LoggingAspect [http-nio-8080-exec-9] Before call of method String org.sits.pr.api.controller.PageController.sayHello(Authentication) from class class org.sits.pr.api.controller.PageController
2023-01-26 23:47:07,543 INFO org.sits.pr.api.controller.PageController [http-nio-8080-exec-9] Inside savePageFrame Method of PageController
2023-01-26 23:47:07,544 DEBUG org.sits.pr.api.aspect.LoggingAspect [http-nio-8080-exec-9] After call of method String org.sits.pr.api.controller.PageController.sayHello(Authentication) from class class org.sits.pr.api.controller.PageController
